<?xml version="1.0" encoding="UTF-8"?>
<coverage generated="1620750434463" clover="3.2.0">
  <project timestamp="1620750434463" name="All files">
    <metrics statements="64" coveredstatements="63" conditionals="18" coveredconditionals="18" methods="32" coveredmethods="32" elements="114" coveredelements="113" complexity="0" loc="64" ncloc="64" packages="10" files="18" classes="18"/>
    <package name="Components.CartSummary">
      <metrics statements="8" coveredstatements="8" conditionals="2" coveredconditionals="2" methods="6" coveredmethods="6"/>
      <file name="CartSummary.jsx" path="/Users/mercecasamitjana/Documents/cactusDesert-cart/cactusDesert-cart/src/Components/CartSummary/CartSummary.jsx">
        <metrics statements="8" coveredstatements="8" conditionals="2" coveredconditionals="2" methods="6" coveredmethods="6"/>
        <line num="19" count="24" type="stmt"/>
        <line num="20" count="8" type="stmt"/>
        <line num="23" count="24" type="stmt"/>
        <line num="42" count="43" type="stmt"/>
        <line num="59" count="1" type="stmt"/>
        <line num="83" count="2" type="stmt"/>
        <line num="104" count="24" type="stmt"/>
        <line num="110" count="8" type="stmt"/>
      </file>
      <file name="CartSummaryStyles.jsx" path="/Users/mercecasamitjana/Documents/cactusDesert-cart/cactusDesert-cart/src/Components/CartSummary/CartSummaryStyles.jsx">
        <metrics statements="0" coveredstatements="0" conditionals="0" coveredconditionals="0" methods="0" coveredmethods="0"/>
      </file>
    </package>
    <package name="Components.Header">
      <metrics statements="1" coveredstatements="1" conditionals="0" coveredconditionals="0" methods="1" coveredmethods="1"/>
      <file name="Header.jsx" path="/Users/mercecasamitjana/Documents/cactusDesert-cart/cactusDesert-cart/src/Components/Header/Header.jsx">
        <metrics statements="1" coveredstatements="1" conditionals="0" coveredconditionals="0" methods="1" coveredmethods="1"/>
        <line num="10" count="1" type="stmt"/>
      </file>
    </package>
    <package name="Components.OrderSummary">
      <metrics statements="3" coveredstatements="3" conditionals="0" coveredconditionals="0" methods="2" coveredmethods="2"/>
      <file name="OrderSummary.jsx" path="/Users/mercecasamitjana/Documents/cactusDesert-cart/cactusDesert-cart/src/Components/OrderSummary/OrderSummary.jsx">
        <metrics statements="3" coveredstatements="3" conditionals="0" coveredconditionals="0" methods="2" coveredmethods="2"/>
        <line num="12" count="3" type="stmt"/>
        <line num="44" count="1" type="stmt"/>
        <line num="65" count="3" type="stmt"/>
      </file>
      <file name="OrderSummaryStyles.jsx" path="/Users/mercecasamitjana/Documents/cactusDesert-cart/cactusDesert-cart/src/Components/OrderSummary/OrderSummaryStyles.jsx">
        <metrics statements="0" coveredstatements="0" conditionals="0" coveredconditionals="0" methods="0" coveredmethods="0"/>
      </file>
    </package>
    <package name="Components.QuantityHandler">
      <metrics statements="5" coveredstatements="5" conditionals="0" coveredconditionals="0" methods="4" coveredmethods="4"/>
      <file name="QuantityHandler.jsx" path="/Users/mercecasamitjana/Documents/cactusDesert-cart/cactusDesert-cart/src/Components/QuantityHandler/QuantityHandler.jsx">
        <metrics statements="5" coveredstatements="5" conditionals="0" coveredconditionals="0" methods="4" coveredmethods="4"/>
        <line num="16" count="22" type="stmt"/>
        <line num="22" count="6" type="stmt"/>
        <line num="33" count="1" type="stmt"/>
        <line num="43" count="2" type="stmt"/>
        <line num="53" count="16" type="stmt"/>
      </file>
    </package>
    <package name="assets.img">
      <metrics statements="2" coveredstatements="2" conditionals="0" coveredconditionals="0" methods="0" coveredmethods="0"/>
      <file name="logo.png" path="/Users/mercecasamitjana/Documents/cactusDesert-cart/cactusDesert-cart/src/assets/img/logo.png">
        <metrics statements="1" coveredstatements="1" conditionals="0" coveredconditionals="0" methods="0" coveredmethods="0"/>
        <line num="1" count="1" type="stmt"/>
      </file>
      <file name="user-icon.png" path="/Users/mercecasamitjana/Documents/cactusDesert-cart/cactusDesert-cart/src/assets/img/user-icon.png">
        <metrics statements="1" coveredstatements="1" conditionals="0" coveredconditionals="0" methods="0" coveredmethods="0"/>
        <line num="1" count="1" type="stmt"/>
      </file>
    </package>
    <package name="assets.styles">
      <metrics statements="1" coveredstatements="1" conditionals="0" coveredconditionals="0" methods="0" coveredmethods="0"/>
      <file name="globals.jsx" path="/Users/mercecasamitjana/Documents/cactusDesert-cart/cactusDesert-cart/src/assets/styles/globals.jsx">
        <metrics statements="0" coveredstatements="0" conditionals="0" coveredconditionals="0" methods="0" coveredmethods="0"/>
      </file>
      <file name="variables.jsx" path="/Users/mercecasamitjana/Documents/cactusDesert-cart/cactusDesert-cart/src/assets/styles/variables.jsx">
        <metrics statements="1" coveredstatements="1" conditionals="0" coveredconditionals="0" methods="0" coveredmethods="0"/>
        <line num="1" count="3" type="stmt"/>
      </file>
    </package>
    <package name="domain">
      <metrics statements="14" coveredstatements="14" conditionals="0" coveredconditionals="0" methods="8" coveredmethods="8"/>
      <file name="cart.js" path="/Users/mercecasamitjana/Documents/cactusDesert-cart/cactusDesert-cart/src/domain/cart.js">
        <metrics statements="6" coveredstatements="6" conditionals="0" coveredconditionals="0" methods="6" coveredmethods="6"/>
        <line num="3" count="19" type="stmt"/>
        <line num="7" count="24" type="stmt"/>
        <line num="11" count="18" type="stmt"/>
        <line num="12" count="12" type="stmt"/>
        <line num="17" count="9" type="stmt"/>
        <line num="21" count="6" type="stmt"/>
      </file>
      <file name="cartProduct.js" path="/Users/mercecasamitjana/Documents/cactusDesert-cart/cactusDesert-cart/src/domain/cartProduct.js">
        <metrics statements="8" coveredstatements="8" conditionals="0" coveredconditionals="0" methods="2" coveredmethods="2"/>
        <line num="3" count="19" type="stmt"/>
        <line num="4" count="19" type="stmt"/>
        <line num="5" count="19" type="stmt"/>
        <line num="6" count="19" type="stmt"/>
        <line num="7" count="19" type="stmt"/>
        <line num="8" count="19" type="stmt"/>
        <line num="9" count="19" type="stmt"/>
        <line num="13" count="55" type="stmt"/>
      </file>
    </package>
    <package name="redux.actions">
      <metrics statements="10" coveredstatements="9" conditionals="0" coveredconditionals="0" methods="6" coveredmethods="6"/>
      <file name="cartActions.js" path="/Users/mercecasamitjana/Documents/cactusDesert-cart/cactusDesert-cart/src/redux/actions/cartActions.js">
        <metrics statements="9" coveredstatements="8" conditionals="0" coveredconditionals="0" methods="6" coveredmethods="6"/>
        <line num="7" count="8" type="stmt"/>
        <line num="8" count="8" type="stmt"/>
        <line num="9" count="8" type="stmt"/>
        <line num="11" count="16" type="stmt"/>
        <line num="21" count="8" type="stmt"/>
        <line num="26" count="0" type="stmt"/>
        <line num="35" count="1" type="stmt"/>
        <line num="42" count="6" type="stmt"/>
        <line num="49" count="1" type="stmt"/>
      </file>
      <file name="cartActionsTypes.js" path="/Users/mercecasamitjana/Documents/cactusDesert-cart/cactusDesert-cart/src/redux/actions/cartActionsTypes.js">
        <metrics statements="1" coveredstatements="1" conditionals="0" coveredconditionals="0" methods="0" coveredmethods="0"/>
        <line num="1" count="3" type="stmt"/>
      </file>
    </package>
    <package name="redux.reducers">
      <metrics statements="17" coveredstatements="17" conditionals="14" coveredconditionals="14" methods="4" coveredmethods="4"/>
      <file name="cartReducer.js" path="/Users/mercecasamitjana/Documents/cactusDesert-cart/cactusDesert-cart/src/redux/reducers/cartReducer.js">
        <metrics statements="16" coveredstatements="16" conditionals="14" coveredconditionals="14" methods="4" coveredmethods="4"/>
        <line num="7" count="25" type="cond" truecount="5" falsecount="0"/>
        <line num="9" count="8" type="stmt"/>
        <line num="12" count="1" type="stmt"/>
        <line num="13" count="2" type="cond" truecount="4" falsecount="0"/>
        <line num="14" count="1" type="stmt"/>
        <line num="19" count="1" type="stmt"/>
        <line num="22" count="1" type="stmt"/>
        <line num="25" count="6" type="stmt"/>
        <line num="26" count="12" type="cond" truecount="4" falsecount="0"/>
        <line num="27" count="2" type="stmt"/>
        <line num="32" count="10" type="stmt"/>
        <line num="35" count="6" type="stmt"/>
        <line num="38" count="1" type="stmt"/>
        <line num="39" count="2" type="stmt"/>
        <line num="41" count="1" type="stmt"/>
        <line num="44" count="9" type="stmt"/>
      </file>
      <file name="index.js" path="/Users/mercecasamitjana/Documents/cactusDesert-cart/cactusDesert-cart/src/redux/reducers/index.js">
        <metrics statements="1" coveredstatements="1" conditionals="0" coveredconditionals="0" methods="0" coveredmethods="0"/>
        <line num="4" count="3" type="stmt"/>
      </file>
    </package>
    <package name="redux.store">
      <metrics statements="3" coveredstatements="3" conditionals="2" coveredconditionals="2" methods="1" coveredmethods="1"/>
      <file name="configureStore.js" path="/Users/mercecasamitjana/Documents/cactusDesert-cart/cactusDesert-cart/src/redux/store/configureStore.js">
        <metrics statements="2" coveredstatements="2" conditionals="2" coveredconditionals="2" methods="1" coveredmethods="1"/>
        <line num="8" count="3" type="cond" truecount="2" falsecount="0"/>
        <line num="10" count="3" type="stmt"/>
      </file>
      <file name="initialState.js" path="/Users/mercecasamitjana/Documents/cactusDesert-cart/cactusDesert-cart/src/redux/store/initialState.js">
        <metrics statements="1" coveredstatements="1" conditionals="0" coveredconditionals="0" methods="0" coveredmethods="0"/>
        <line num="3" count="3" type="stmt"/>
      </file>
    </package>
  </project>
</coverage>
