{"/Users/mercecasamitjana/Documents/cactusDesert-cart/cactusDesert-cart/src/Components/CartSummary/CartSummary.jsx": {"path":"/Users/mercecasamitjana/Documents/cactusDesert-cart/cactusDesert-cart/src/Components/CartSummary/CartSummary.jsx","statementMap":{"0":{"start":{"line":19,"column":2},"end":{"line":21,"column":9}},"1":{"start":{"line":20,"column":4},"end":{"line":20,"column":23}},"2":{"start":{"line":23,"column":2},"end":{"line":80,"column":4}},"3":{"start":{"line":42,"column":10},"end":{"line":75,"column":17}},"4":{"start":{"line":59,"column":20},"end":{"line":59,"column":61}},"5":{"start":{"line":83,"column":0},"end":{"line":101,"column":2}},"6":{"start":{"line":104,"column":2},"end":{"line":106,"column":4}},"7":{"start":{"line":110,"column":2},"end":{"line":112,"column":4}}},"fnMap":{"0":{"name":"CartSummary","decl":{"start":{"line":18,"column":9},"end":{"line":18,"column":20}},"loc":{"start":{"line":18,"column":40},"end":{"line":81,"column":1}},"line":18},"1":{"name":"(anonymous_1)","decl":{"start":{"line":19,"column":12},"end":{"line":19,"column":13}},"loc":{"start":{"line":19,"column":18},"end":{"line":21,"column":3}},"line":19},"2":{"name":"(anonymous_2)","decl":{"start":{"line":41,"column":39},"end":{"line":41,"column":40}},"loc":{"start":{"line":42,"column":10},"end":{"line":75,"column":17}},"line":42},"3":{"name":"(anonymous_3)","decl":{"start":{"line":58,"column":27},"end":{"line":58,"column":28}},"loc":{"start":{"line":58,"column":33},"end":{"line":60,"column":19}},"line":58},"4":{"name":"mapStateToProps","decl":{"start":{"line":103,"column":9},"end":{"line":103,"column":24}},"loc":{"start":{"line":103,"column":35},"end":{"line":107,"column":1}},"line":103},"5":{"name":"mapDispatchToProps","decl":{"start":{"line":109,"column":9},"end":{"line":109,"column":27}},"loc":{"start":{"line":109,"column":38},"end":{"line":113,"column":1}},"line":109}},"branchMap":{"0":{"loc":{"start":{"line":41,"column":9},"end":{"line":76,"column":10}},"type":"binary-expr","locations":[{"start":{"line":41,"column":9},"end":{"line":41,"column":13}},{"start":{"line":41,"column":17},"end":{"line":76,"column":10}}],"line":41}},"s":{"0":24,"1":8,"2":24,"3":43,"4":1,"5":2,"6":24,"7":8},"f":{"0":24,"1":8,"2":43,"3":1,"4":24,"5":8},"b":{"0":[24,24]},"_coverageSchema":"1a1c01bbd47fc00a2c39e90264f33305004495a9","hash":"b650b84c624e7bca5c3347c05c4b9e00bc65b27c"}
,"/Users/mercecasamitjana/Documents/cactusDesert-cart/cactusDesert-cart/src/Components/CartSummary/CartSummaryStyles.jsx": {"path":"/Users/mercecasamitjana/Documents/cactusDesert-cart/cactusDesert-cart/src/Components/CartSummary/CartSummaryStyles.jsx","statementMap":{},"fnMap":{},"branchMap":{},"s":{},"f":{},"b":{},"_coverageSchema":"1a1c01bbd47fc00a2c39e90264f33305004495a9","hash":"9749d15618f3af8e989d23642a61b8e721c92c3a"}
,"/Users/mercecasamitjana/Documents/cactusDesert-cart/cactusDesert-cart/src/Components/Header/Header.jsx": {"path":"/Users/mercecasamitjana/Documents/cactusDesert-cart/cactusDesert-cart/src/Components/Header/Header.jsx","statementMap":{"0":{"start":{"line":10,"column":2},"end":{"line":29,"column":4}}},"fnMap":{"0":{"name":"Header","decl":{"start":{"line":9,"column":24},"end":{"line":9,"column":30}},"loc":{"start":{"line":9,"column":33},"end":{"line":30,"column":1}},"line":9}},"branchMap":{},"s":{"0":1},"f":{"0":1},"b":{},"_coverageSchema":"1a1c01bbd47fc00a2c39e90264f33305004495a9","hash":"0284028a484e1e2bbf0ba9214118283b896eaec5"}
,"/Users/mercecasamitjana/Documents/cactusDesert-cart/cactusDesert-cart/src/Components/OrderSummary/OrderSummary.jsx": {"path":"/Users/mercecasamitjana/Documents/cactusDesert-cart/cactusDesert-cart/src/Components/OrderSummary/OrderSummary.jsx","statementMap":{"0":{"start":{"line":12,"column":2},"end":{"line":41,"column":4}},"1":{"start":{"line":44,"column":0},"end":{"line":62,"column":2}},"2":{"start":{"line":65,"column":2},"end":{"line":67,"column":4}}},"fnMap":{"0":{"name":"OrderSummary","decl":{"start":{"line":11,"column":9},"end":{"line":11,"column":21}},"loc":{"start":{"line":11,"column":32},"end":{"line":42,"column":1}},"line":11},"1":{"name":"mapStateToProps","decl":{"start":{"line":64,"column":9},"end":{"line":64,"column":24}},"loc":{"start":{"line":64,"column":35},"end":{"line":68,"column":1}},"line":64}},"branchMap":{},"s":{"0":3,"1":1,"2":3},"f":{"0":3,"1":3},"b":{},"_coverageSchema":"1a1c01bbd47fc00a2c39e90264f33305004495a9","hash":"39f05e59442ef5727af5b382cbb371a47ecdfd81"}
,"/Users/mercecasamitjana/Documents/cactusDesert-cart/cactusDesert-cart/src/Components/OrderSummary/OrderSummaryStyles.jsx": {"path":"/Users/mercecasamitjana/Documents/cactusDesert-cart/cactusDesert-cart/src/Components/OrderSummary/OrderSummaryStyles.jsx","statementMap":{},"fnMap":{},"branchMap":{},"s":{},"f":{},"b":{},"_coverageSchema":"1a1c01bbd47fc00a2c39e90264f33305004495a9","hash":"aa7aed192e213fa10901b06b05e70a4e459b21a2"}
,"/Users/mercecasamitjana/Documents/cactusDesert-cart/cactusDesert-cart/src/Components/QuantityHandler/QuantityHandler.jsx": {"path":"/Users/mercecasamitjana/Documents/cactusDesert-cart/cactusDesert-cart/src/Components/QuantityHandler/QuantityHandler.jsx","statementMap":{"0":{"start":{"line":16,"column":2},"end":{"line":40,"column":4}},"1":{"start":{"line":22,"column":10},"end":{"line":22,"column":46}},"2":{"start":{"line":33,"column":10},"end":{"line":33,"column":46}},"3":{"start":{"line":43,"column":0},"end":{"line":50,"column":2}},"4":{"start":{"line":53,"column":2},"end":{"line":57,"column":4}}},"fnMap":{"0":{"name":"QuantityHandler","decl":{"start":{"line":15,"column":9},"end":{"line":15,"column":24}},"loc":{"start":{"line":15,"column":59},"end":{"line":41,"column":1}},"line":15},"1":{"name":"(anonymous_1)","decl":{"start":{"line":21,"column":17},"end":{"line":21,"column":18}},"loc":{"start":{"line":21,"column":23},"end":{"line":23,"column":9}},"line":21},"2":{"name":"(anonymous_2)","decl":{"start":{"line":32,"column":17},"end":{"line":32,"column":18}},"loc":{"start":{"line":32,"column":23},"end":{"line":34,"column":9}},"line":32},"3":{"name":"mapDispatchToProps","decl":{"start":{"line":52,"column":9},"end":{"line":52,"column":27}},"loc":{"start":{"line":52,"column":38},"end":{"line":58,"column":1}},"line":52}},"branchMap":{},"s":{"0":22,"1":6,"2":1,"3":2,"4":16},"f":{"0":22,"1":6,"2":1,"3":16},"b":{},"_coverageSchema":"1a1c01bbd47fc00a2c39e90264f33305004495a9","hash":"8443aa6c7dcd79cfdea5da7ccaed2fb9caf04b4d"}
,"/Users/mercecasamitjana/Documents/cactusDesert-cart/cactusDesert-cart/src/assets/img/logo.png": {"path":"/Users/mercecasamitjana/Documents/cactusDesert-cart/cactusDesert-cart/src/assets/img/logo.png","statementMap":{"0":{"start":{"line":1,"column":0},"end":{"line":1,"column":19}}},"fnMap":{},"branchMap":{},"s":{"0":1},"f":{},"b":{},"inputSourceMap":null,"_coverageSchema":"1a1c01bbd47fc00a2c39e90264f33305004495a9","hash":"8626c9939e76580b23af289e79405df21ce6459f"}
,"/Users/mercecasamitjana/Documents/cactusDesert-cart/cactusDesert-cart/src/assets/img/user-icon.png": {"path":"/Users/mercecasamitjana/Documents/cactusDesert-cart/cactusDesert-cart/src/assets/img/user-icon.png","statementMap":{"0":{"start":{"line":1,"column":0},"end":{"line":1,"column":19}}},"fnMap":{},"branchMap":{},"s":{"0":1},"f":{},"b":{},"inputSourceMap":null,"_coverageSchema":"1a1c01bbd47fc00a2c39e90264f33305004495a9","hash":"e0eeed3739c0f9985a5dfa951171d2ce86405b11"}
,"/Users/mercecasamitjana/Documents/cactusDesert-cart/cactusDesert-cart/src/assets/styles/globals.jsx": {"path":"/Users/mercecasamitjana/Documents/cactusDesert-cart/cactusDesert-cart/src/assets/styles/globals.jsx","statementMap":{},"fnMap":{},"branchMap":{},"s":{},"f":{},"b":{},"_coverageSchema":"1a1c01bbd47fc00a2c39e90264f33305004495a9","hash":"cabf863c5a5d0fc6afca660f8d9ea4a7937d53ea"}
,"/Users/mercecasamitjana/Documents/cactusDesert-cart/cactusDesert-cart/src/assets/styles/variables.jsx": {"path":"/Users/mercecasamitjana/Documents/cactusDesert-cart/cactusDesert-cart/src/assets/styles/variables.jsx","statementMap":{"0":{"start":{"line":1,"column":18},"end":{"line":14,"column":1}}},"fnMap":{},"branchMap":{},"s":{"0":3},"f":{},"b":{},"_coverageSchema":"1a1c01bbd47fc00a2c39e90264f33305004495a9","hash":"8988a678e064c0b7bc80d58401c9a59b80e0cd17"}
,"/Users/mercecasamitjana/Documents/cactusDesert-cart/cactusDesert-cart/src/domain/cart.js": {"path":"/Users/mercecasamitjana/Documents/cactusDesert-cart/cactusDesert-cart/src/domain/cart.js","statementMap":{"0":{"start":{"line":3,"column":4},"end":{"line":3,"column":37}},"1":{"start":{"line":7,"column":4},"end":{"line":7,"column":36}},"2":{"start":{"line":11,"column":4},"end":{"line":13,"column":18}},"3":{"start":{"line":12,"column":38},"end":{"line":12,"column":70}},"4":{"start":{"line":17,"column":4},"end":{"line":17,"column":49}},"5":{"start":{"line":21,"column":4},"end":{"line":21,"column":81}}},"fnMap":{"0":{"name":"(anonymous_0)","decl":{"start":{"line":2,"column":2},"end":{"line":2,"column":3}},"loc":{"start":{"line":2,"column":28},"end":{"line":4,"column":3}},"line":2},"1":{"name":"(anonymous_1)","decl":{"start":{"line":6,"column":2},"end":{"line":6,"column":3}},"loc":{"start":{"line":6,"column":18},"end":{"line":8,"column":3}},"line":6},"2":{"name":"(anonymous_2)","decl":{"start":{"line":10,"column":2},"end":{"line":10,"column":3}},"loc":{"start":{"line":10,"column":15},"end":{"line":14,"column":3}},"line":10},"3":{"name":"(anonymous_3)","decl":{"start":{"line":12,"column":14},"end":{"line":12,"column":15}},"loc":{"start":{"line":12,"column":38},"end":{"line":12,"column":70}},"line":12},"4":{"name":"(anonymous_4)","decl":{"start":{"line":16,"column":2},"end":{"line":16,"column":3}},"loc":{"start":{"line":16,"column":10},"end":{"line":18,"column":3}},"line":16},"5":{"name":"(anonymous_5)","decl":{"start":{"line":20,"column":2},"end":{"line":20,"column":3}},"loc":{"start":{"line":20,"column":27},"end":{"line":22,"column":3}},"line":20}},"branchMap":{},"s":{"0":19,"1":24,"2":18,"3":12,"4":9,"5":6},"f":{"0":19,"1":24,"2":18,"3":12,"4":9,"5":6},"b":{},"_coverageSchema":"1a1c01bbd47fc00a2c39e90264f33305004495a9","hash":"72f35501a4e35e4f3c911c1ee80e69d7e8873977"}
,"/Users/mercecasamitjana/Documents/cactusDesert-cart/cactusDesert-cart/src/domain/cartProduct.js": {"path":"/Users/mercecasamitjana/Documents/cactusDesert-cart/cactusDesert-cart/src/domain/cartProduct.js","statementMap":{"0":{"start":{"line":3,"column":4},"end":{"line":3,"column":17}},"1":{"start":{"line":4,"column":4},"end":{"line":4,"column":21}},"2":{"start":{"line":5,"column":4},"end":{"line":5,"column":35}},"3":{"start":{"line":6,"column":4},"end":{"line":6,"column":23}},"4":{"start":{"line":7,"column":4},"end":{"line":7,"column":23}},"5":{"start":{"line":8,"column":4},"end":{"line":8,"column":29}},"6":{"start":{"line":9,"column":4},"end":{"line":9,"column":23}},"7":{"start":{"line":13,"column":4},"end":{"line":13,"column":38}}},"fnMap":{"0":{"name":"(anonymous_0)","decl":{"start":{"line":2,"column":2},"end":{"line":2,"column":3}},"loc":{"start":{"line":2,"column":68},"end":{"line":10,"column":3}},"line":2},"1":{"name":"(anonymous_1)","decl":{"start":{"line":12,"column":2},"end":{"line":12,"column":3}},"loc":{"start":{"line":12,"column":15},"end":{"line":14,"column":3}},"line":12}},"branchMap":{},"s":{"0":19,"1":19,"2":19,"3":19,"4":19,"5":19,"6":19,"7":55},"f":{"0":19,"1":55},"b":{},"_coverageSchema":"1a1c01bbd47fc00a2c39e90264f33305004495a9","hash":"c40067c28d5eaff969698335c1e7129a633f76a0"}
,"/Users/mercecasamitjana/Documents/cactusDesert-cart/cactusDesert-cart/src/redux/actions/cartActions.js": {"path":"/Users/mercecasamitjana/Documents/cactusDesert-cart/cactusDesert-cart/src/redux/actions/cartActions.js","statementMap":{"0":{"start":{"line":7,"column":2},"end":{"line":31,"column":4}},"1":{"start":{"line":8,"column":4},"end":{"line":30,"column":5}},"2":{"start":{"line":9,"column":23},"end":{"line":9,"column":107}},"3":{"start":{"line":11,"column":23},"end":{"line":19,"column":8}},"4":{"start":{"line":11,"column":42},"end":{"line":19,"column":7}},"5":{"start":{"line":21,"column":6},"end":{"line":24,"column":9}},"6":{"start":{"line":26,"column":6},"end":{"line":29,"column":9}},"7":{"start":{"line":35,"column":2},"end":{"line":38,"column":4}},"8":{"start":{"line":42,"column":2},"end":{"line":45,"column":4}},"9":{"start":{"line":49,"column":2},"end":{"line":52,"column":4}}},"fnMap":{"0":{"name":"loadCart","decl":{"start":{"line":6,"column":16},"end":{"line":6,"column":24}},"loc":{"start":{"line":6,"column":27},"end":{"line":32,"column":1}},"line":6},"1":{"name":"(anonymous_1)","decl":{"start":{"line":7,"column":9},"end":{"line":7,"column":10}},"loc":{"start":{"line":7,"column":29},"end":{"line":31,"column":3}},"line":7},"2":{"name":"(anonymous_2)","decl":{"start":{"line":11,"column":32},"end":{"line":11,"column":33}},"loc":{"start":{"line":11,"column":42},"end":{"line":19,"column":7}},"line":11},"3":{"name":"increaseQuantity","decl":{"start":{"line":34,"column":16},"end":{"line":34,"column":32}},"loc":{"start":{"line":34,"column":37},"end":{"line":39,"column":1}},"line":34},"4":{"name":"decreaseQuantity","decl":{"start":{"line":41,"column":16},"end":{"line":41,"column":32}},"loc":{"start":{"line":41,"column":37},"end":{"line":46,"column":1}},"line":41},"5":{"name":"deletProductCart","decl":{"start":{"line":48,"column":16},"end":{"line":48,"column":32}},"loc":{"start":{"line":48,"column":37},"end":{"line":53,"column":1}},"line":48}},"branchMap":{},"s":{"0":8,"1":8,"2":8,"3":8,"4":16,"5":8,"6":0,"7":1,"8":6,"9":1},"f":{"0":8,"1":8,"2":16,"3":1,"4":6,"5":1},"b":{},"_coverageSchema":"1a1c01bbd47fc00a2c39e90264f33305004495a9","hash":"d3978c56a8c9f6f41eb7c0adb97662d147dcbd0a"}
,"/Users/mercecasamitjana/Documents/cactusDesert-cart/cactusDesert-cart/src/redux/actions/cartActionsTypes.js": {"path":"/Users/mercecasamitjana/Documents/cactusDesert-cart/cactusDesert-cart/src/redux/actions/cartActionsTypes.js","statementMap":{"0":{"start":{"line":1,"column":25},"end":{"line":7,"column":1}}},"fnMap":{},"branchMap":{},"s":{"0":3},"f":{},"b":{},"_coverageSchema":"1a1c01bbd47fc00a2c39e90264f33305004495a9","hash":"2ac2f5dd206a6aeb35793a14259181845ddb4463"}
,"/Users/mercecasamitjana/Documents/cactusDesert-cart/cactusDesert-cart/src/redux/reducers/cartReducer.js": {"path":"/Users/mercecasamitjana/Documents/cactusDesert-cart/cactusDesert-cart/src/redux/reducers/cartReducer.js","statementMap":{"0":{"start":{"line":7,"column":2},"end":{"line":45,"column":3}},"1":{"start":{"line":9,"column":6},"end":{"line":9,"column":26}},"2":{"start":{"line":12,"column":36},"end":{"line":20,"column":8}},"3":{"start":{"line":13,"column":8},"end":{"line":18,"column":9}},"4":{"start":{"line":14,"column":10},"end":{"line":17,"column":12}},"5":{"start":{"line":19,"column":8},"end":{"line":19,"column":27}},"6":{"start":{"line":22,"column":6},"end":{"line":22,"column":87}},"7":{"start":{"line":25,"column":36},"end":{"line":33,"column":8}},"8":{"start":{"line":26,"column":8},"end":{"line":31,"column":9}},"9":{"start":{"line":27,"column":10},"end":{"line":30,"column":12}},"10":{"start":{"line":32,"column":8},"end":{"line":32,"column":27}},"11":{"start":{"line":35,"column":6},"end":{"line":35,"column":87}},"12":{"start":{"line":38,"column":34},"end":{"line":39,"column":63}},"13":{"start":{"line":39,"column":33},"end":{"line":39,"column":62}},"14":{"start":{"line":41,"column":6},"end":{"line":41,"column":85}},"15":{"start":{"line":44,"column":6},"end":{"line":44,"column":19}}},"fnMap":{"0":{"name":"cartReducer","decl":{"start":{"line":6,"column":24},"end":{"line":6,"column":35}},"loc":{"start":{"line":6,"column":57},"end":{"line":46,"column":1}},"line":6},"1":{"name":"(anonymous_1)","decl":{"start":{"line":12,"column":59},"end":{"line":12,"column":60}},"loc":{"start":{"line":12,"column":76},"end":{"line":20,"column":7}},"line":12},"2":{"name":"(anonymous_2)","decl":{"start":{"line":25,"column":59},"end":{"line":25,"column":60}},"loc":{"start":{"line":25,"column":76},"end":{"line":33,"column":7}},"line":25},"3":{"name":"(anonymous_3)","decl":{"start":{"line":39,"column":16},"end":{"line":39,"column":17}},"loc":{"start":{"line":39,"column":33},"end":{"line":39,"column":62}},"line":39}},"branchMap":{"0":{"loc":{"start":{"line":6,"column":36},"end":{"line":6,"column":46}},"type":"default-arg","locations":[{"start":{"line":6,"column":44},"end":{"line":6,"column":46}}],"line":6},"1":{"loc":{"start":{"line":7,"column":2},"end":{"line":45,"column":3}},"type":"switch","locations":[{"start":{"line":8,"column":4},"end":{"line":9,"column":26}},{"start":{"line":11,"column":4},"end":{"line":22,"column":87}},{"start":{"line":24,"column":4},"end":{"line":35,"column":87}},{"start":{"line":37,"column":4},"end":{"line":41,"column":85}},{"start":{"line":43,"column":4},"end":{"line":44,"column":19}}],"line":7},"2":{"loc":{"start":{"line":13,"column":8},"end":{"line":18,"column":9}},"type":"if","locations":[{"start":{"line":13,"column":8},"end":{"line":18,"column":9}},{"start":{"line":13,"column":8},"end":{"line":18,"column":9}}],"line":13},"3":{"loc":{"start":{"line":13,"column":12},"end":{"line":13,"column":89}},"type":"binary-expr","locations":[{"start":{"line":13,"column":13},"end":{"line":13,"column":42}},{"start":{"line":13,"column":48},"end":{"line":13,"column":88}}],"line":13},"4":{"loc":{"start":{"line":26,"column":8},"end":{"line":31,"column":9}},"type":"if","locations":[{"start":{"line":26,"column":8},"end":{"line":31,"column":9}},{"start":{"line":26,"column":8},"end":{"line":31,"column":9}}],"line":26},"5":{"loc":{"start":{"line":26,"column":12},"end":{"line":26,"column":73}},"type":"binary-expr","locations":[{"start":{"line":26,"column":13},"end":{"line":26,"column":42}},{"start":{"line":26,"column":48},"end":{"line":26,"column":72}}],"line":26}},"s":{"0":25,"1":8,"2":1,"3":2,"4":1,"5":1,"6":1,"7":6,"8":12,"9":2,"10":10,"11":6,"12":1,"13":2,"14":1,"15":9},"f":{"0":25,"1":2,"2":12,"3":2},"b":{"0":[6],"1":[8,1,6,1,9],"2":[1,1],"3":[2,1],"4":[2,10],"5":[12,6]},"_coverageSchema":"1a1c01bbd47fc00a2c39e90264f33305004495a9","hash":"82b0b20c138810bfea0ff5b9302094f09d8cd2d1"}
,"/Users/mercecasamitjana/Documents/cactusDesert-cart/cactusDesert-cart/src/redux/reducers/index.js": {"path":"/Users/mercecasamitjana/Documents/cactusDesert-cart/cactusDesert-cart/src/redux/reducers/index.js","statementMap":{"0":{"start":{"line":4,"column":20},"end":{"line":6,"column":2}}},"fnMap":{},"branchMap":{},"s":{"0":3},"f":{},"b":{},"_coverageSchema":"1a1c01bbd47fc00a2c39e90264f33305004495a9","hash":"7e61d603b0beda6e29dc272570115be840dd501b"}
,"/Users/mercecasamitjana/Documents/cactusDesert-cart/cactusDesert-cart/src/redux/store/configureStore.js": {"path":"/Users/mercecasamitjana/Documents/cactusDesert-cart/cactusDesert-cart/src/redux/store/configureStore.js","statementMap":{"0":{"start":{"line":8,"column":27},"end":{"line":8,"column":81}},"1":{"start":{"line":10,"column":2},"end":{"line":14,"column":4}}},"fnMap":{"0":{"name":"configureStore","decl":{"start":{"line":7,"column":9},"end":{"line":7,"column":23}},"loc":{"start":{"line":7,"column":26},"end":{"line":15,"column":1}},"line":7}},"branchMap":{"0":{"loc":{"start":{"line":8,"column":27},"end":{"line":8,"column":81}},"type":"binary-expr","locations":[{"start":{"line":8,"column":27},"end":{"line":8,"column":70}},{"start":{"line":8,"column":74},"end":{"line":8,"column":81}}],"line":8}},"s":{"0":3,"1":3},"f":{"0":3},"b":{"0":[3,3]},"_coverageSchema":"1a1c01bbd47fc00a2c39e90264f33305004495a9","hash":"eb3f42ca0e786d6153b3578d41db57ce1b527dd9"}
,"/Users/mercecasamitjana/Documents/cactusDesert-cart/cactusDesert-cart/src/redux/store/initialState.js": {"path":"/Users/mercecasamitjana/Documents/cactusDesert-cart/cactusDesert-cart/src/redux/store/initialState.js","statementMap":{"0":{"start":{"line":3,"column":21},"end":{"line":5,"column":1}}},"fnMap":{},"branchMap":{},"s":{"0":3},"f":{},"b":{},"_coverageSchema":"1a1c01bbd47fc00a2c39e90264f33305004495a9","hash":"68fdeb36f75ac49ee8ce6adab93c3c4efc09f44d"}
}
