TN:
SF:src/Components/CartSummary/CartSummary.jsx
FN:18,CartSummary
FN:19,(anonymous_1)
FN:41,(anonymous_2)
FN:58,(anonymous_3)
FN:103,mapStateToProps
FN:109,mapDispatchToProps
FNF:6
FNH:6
FNDA:24,CartSummary
FNDA:8,(anonymous_1)
FNDA:43,(anonymous_2)
FNDA:1,(anonymous_3)
FNDA:24,mapStateToProps
FNDA:8,mapDispatchToProps
DA:19,24
DA:20,8
DA:23,24
DA:42,43
DA:59,1
DA:83,2
DA:104,24
DA:110,8
LF:8
LH:8
BRDA:41,0,0,24
BRDA:41,0,1,24
BRF:2
BRH:2
end_of_record
TN:
SF:src/Components/CartSummary/CartSummaryStyles.jsx
FNF:0
FNH:0
LF:0
LH:0
BRF:0
BRH:0
end_of_record
TN:
SF:src/Components/Header/Header.jsx
FN:9,Header
FNF:1
FNH:1
FNDA:1,Header
DA:10,1
LF:1
LH:1
BRF:0
BRH:0
end_of_record
TN:
SF:src/Components/OrderSummary/OrderSummary.jsx
FN:11,OrderSummary
FN:64,mapStateToProps
FNF:2
FNH:2
FNDA:3,OrderSummary
FNDA:3,mapStateToProps
DA:12,3
DA:44,1
DA:65,3
LF:3
LH:3
BRF:0
BRH:0
end_of_record
TN:
SF:src/Components/OrderSummary/OrderSummaryStyles.jsx
FNF:0
FNH:0
LF:0
LH:0
BRF:0
BRH:0
end_of_record
TN:
SF:src/Components/QuantityHandler/QuantityHandler.jsx
FN:15,QuantityHandler
FN:21,(anonymous_1)
FN:32,(anonymous_2)
FN:52,mapDispatchToProps
FNF:4
FNH:4
FNDA:22,QuantityHandler
FNDA:6,(anonymous_1)
FNDA:1,(anonymous_2)
FNDA:16,mapDispatchToProps
DA:16,22
DA:22,6
DA:33,1
DA:43,2
DA:53,16
LF:5
LH:5
BRF:0
BRH:0
end_of_record
TN:
SF:src/assets/img/logo.png
FNF:0
FNH:0
DA:1,1
LF:1
LH:1
BRF:0
BRH:0
end_of_record
TN:
SF:src/assets/img/user-icon.png
FNF:0
FNH:0
DA:1,1
LF:1
LH:1
BRF:0
BRH:0
end_of_record
TN:
SF:src/assets/styles/globals.jsx
FNF:0
FNH:0
LF:0
LH:0
BRF:0
BRH:0
end_of_record
TN:
SF:src/assets/styles/variables.jsx
FNF:0
FNH:0
DA:1,3
LF:1
LH:1
BRF:0
BRH:0
end_of_record
TN:
SF:src/domain/cart.js
FN:2,(anonymous_0)
FN:6,(anonymous_1)
FN:10,(anonymous_2)
FN:12,(anonymous_3)
FN:16,(anonymous_4)
FN:20,(anonymous_5)
FNF:6
FNH:6
FNDA:19,(anonymous_0)
FNDA:24,(anonymous_1)
FNDA:18,(anonymous_2)
FNDA:12,(anonymous_3)
FNDA:9,(anonymous_4)
FNDA:6,(anonymous_5)
DA:3,19
DA:7,24
DA:11,18
DA:12,12
DA:17,9
DA:21,6
LF:6
LH:6
BRF:0
BRH:0
end_of_record
TN:
SF:src/domain/cartProduct.js
FN:2,(anonymous_0)
FN:12,(anonymous_1)
FNF:2
FNH:2
FNDA:19,(anonymous_0)
FNDA:55,(anonymous_1)
DA:3,19
DA:4,19
DA:5,19
DA:6,19
DA:7,19
DA:8,19
DA:9,19
DA:13,55
LF:8
LH:8
BRF:0
BRH:0
end_of_record
TN:
SF:src/redux/actions/cartActions.js
FN:6,loadCart
FN:7,(anonymous_1)
FN:11,(anonymous_2)
FN:34,increaseQuantity
FN:41,decreaseQuantity
FN:48,deletProductCart
FNF:6
FNH:6
FNDA:8,loadCart
FNDA:8,(anonymous_1)
FNDA:16,(anonymous_2)
FNDA:1,increaseQuantity
FNDA:6,decreaseQuantity
FNDA:1,deletProductCart
DA:7,8
DA:8,8
DA:9,8
DA:11,16
DA:21,8
DA:26,0
DA:35,1
DA:42,6
DA:49,1
LF:9
LH:8
BRF:0
BRH:0
end_of_record
TN:
SF:src/redux/actions/cartActionsTypes.js
FNF:0
FNH:0
DA:1,3
LF:1
LH:1
BRF:0
BRH:0
end_of_record
TN:
SF:src/redux/reducers/cartReducer.js
FN:6,cartReducer
FN:12,(anonymous_1)
FN:25,(anonymous_2)
FN:39,(anonymous_3)
FNF:4
FNH:4
FNDA:25,cartReducer
FNDA:2,(anonymous_1)
FNDA:12,(anonymous_2)
FNDA:2,(anonymous_3)
DA:7,25
DA:9,8
DA:12,1
DA:13,2
DA:14,1
DA:19,1
DA:22,1
DA:25,6
DA:26,12
DA:27,2
DA:32,10
DA:35,6
DA:38,1
DA:39,2
DA:41,1
DA:44,9
LF:16
LH:16
BRDA:6,0,0,6
BRDA:7,1,0,8
BRDA:7,1,1,1
BRDA:7,1,2,6
BRDA:7,1,3,1
BRDA:7,1,4,9
BRDA:13,2,0,1
BRDA:13,2,1,1
BRDA:13,3,0,2
BRDA:13,3,1,1
BRDA:26,4,0,2
BRDA:26,4,1,10
BRDA:26,5,0,12
BRDA:26,5,1,6
BRF:14
BRH:14
end_of_record
TN:
SF:src/redux/reducers/index.js
FNF:0
FNH:0
DA:4,3
LF:1
LH:1
BRF:0
BRH:0
end_of_record
TN:
SF:src/redux/store/configureStore.js
FN:7,configureStore
FNF:1
FNH:1
FNDA:3,configureStore
DA:8,3
DA:10,3
LF:2
LH:2
BRDA:8,0,0,3
BRDA:8,0,1,3
BRF:2
BRH:2
end_of_record
TN:
SF:src/redux/store/initialState.js
FNF:0
FNH:0
DA:3,3
LF:1
LH:1
BRF:0
BRH:0
end_of_record
